<?xml version="1.0" encoding="UTF-8"?>
<!-- Generated by org.testng.reporters.JUnitReportReporter -->
<testsuite hostname="SKYLT0518999" failures="0" tests="1" name="com.test.AdvanceDropDown" time="36.826" errors="0" timestamp="2023-11-11T12:20:26 GMT" skipped="0">
  <testcase classname="com.test.AdvanceDropDown" name="AdvanceDropsDown" time="36.826"/>
</testsuite> <!-- com.test.AdvanceDropDown -->
