<?xml version="1.0" encoding="UTF-8"?>
<!-- Generated by org.testng.reporters.JUnitReportReporter -->
<testsuite hostname="SKYLT0518999" failures="0" tests="2" name="com.test.MultiTest" time="4.574" errors="0" timestamp="2023-11-11T12:11:06 GMT" skipped="0">
  <testcase classname="com.test.MultiTest" name="SelectDropDown" time="1.023"/>
  <testcase classname="com.test.MultiTest" name="MouseHovering" time="3.551"/>
</testsuite> <!-- com.test.MultiTest -->
